<?xml version="1.0" encoding="UTF-8"?>
<testsuite xmlns:xsi="http://www.w3.org/2001/XMLSchema-instance" xsi:noNamespaceSchemaLocation="https://maven.apache.org/surefire/maven-surefire-plugin/xsd/surefire-test-report.xsd" name="arama_feature_2" time="66.475" tests="6" errors="6" skipped="0" failures="0">
  <properties>
[...]
</properties>
  <testcase name="arama_testi #1" classname="arama_feature_2" time="25.744">
    <error message="The step &apos;sonuclarin &quot;iphone&quot; icerdigini dogrular&apos; is undefined.&#10;You can implement this step using the snippet(s) below:&#10;&#10;@Then(&quot;sonuclarin {string} icerdigini dogrular&quot;)&#10;public void sonuclarin_icerdigini_dogrular(String string) {&#10;    // Write code here that turns the phrase above into concrete actions&#10;    throw new io.cucumber.java.PendingException();&#10;}&#10;" type="io.cucumber.junit.UndefinedStepException">io.cucumber.junit.UndefinedStepException: 
The step 'sonuclarin "iphone" icerdigini dogrular' is undefined.
You can implement this step using the snippet(s) below:

@Then("sonuclarin {string} icerdigini dogrular")
public void sonuclarin_icerdigini_dogrular(String string) {
    // Write code here that turns the phrase above into concrete actions
    throw new io.cucumber.java.PendingException();
}

</error>
    <system-out><![CDATA[runners.TestRunnerjava.util.NoSuchElementException: No value present
	at java.base/java.util.Optional.get(Optional.java:143)
	at io.cucumber.core.plugin.TestSourcesModel.processScenarioOutlineExamples(TestSourcesModel.java:174)
	at io.cucumber.core.plugin.TestSourcesModel.processScenarioDefinition(TestSourcesModel.java:159)
	at io.cucumber.core.plugin.TestSourcesModel.lambda$processFeatureDefinition$1(TestSourcesModel.java:134)
	at java.base/java.util.Optional.ifPresent(Optional.java:178)
	at io.cucumber.core.plugin.TestSourcesModel.processFeatureDefinition(TestSourcesModel.java:134)
	at io.cucumber.core.plugin.TestSourcesModel.parseGherkinSource(TestSourcesModel.java:126)
	at io.cucumber.core.plugin.TestSourcesModel.getFeature(TestSourcesModel.java:92)
	at io.cucumber.core.plugin.JsonFormatter.createFeatureMap(JsonFormatter.java:158)
	at io.cucumber.core.plugin.JsonFormatter.handleTestCaseStarted(JsonFormatter.java:88)
	at io.cucumber.core.eventbus.AbstractEventPublisher.send(AbstractEventPublisher.java:51)
	at io.cucumber.core.eventbus.AbstractEventPublisher.sendAll(AbstractEventPublisher.java:36)
	at io.cucumber.core.plugin.CanonicalOrderEventPublisher.handle(CanonicalOrderEventPublisher.java:18)
	at io.cucumber.core.eventbus.AbstractEventPublisher.send(AbstractEventPublisher.java:44)
	at io.cucumber.core.eventbus.AbstractEventBus.send(AbstractEventBus.java:12)
	at io.cucumber.core.runtime.SynchronizedEventBus.send(SynchronizedEventBus.java:47)
	at io.cucumber.core.runtime.CucumberExecutionContext.emitTestRunFinished(CucumberExecutionContext.java:111)
	at io.cucumber.core.runtime.CucumberExecutionContext.finishTestRun(CucumberExecutionContext.java:98)
	at io.cucumber.junit.Cucumber$FinishTestRun.evaluate(Cucumber.java:250)
	at org.junit.runners.ParentRunner$3.evaluate(ParentRunner.java:306)
	at org.junit.runners.ParentRunner.run(ParentRunner.java:413)
	at org.junit.runners.Suite.runChild(Suite.java:128)
	at org.junit.runners.Suite.runChild(Suite.java:27)
	at org.junit.runners.ParentRunner$4.run(ParentRunner.java:331)
	at org.apache.maven.surefire.junitcore.pc.Scheduler$1.run(Scheduler.java:405)
	at java.base/java.util.concurrent.Executors$RunnableAdapter.call(Executors.java:539)
	at java.base/java.util.concurrent.FutureTask.run(FutureTask.java:264)
	at java.base/java.util.concurrent.ThreadPoolExecutor.runWorker(ThreadPoolExecutor.java:1136)
	at java.base/java.util.concurrent.ThreadPoolExecutor$Worker.run(ThreadPoolExecutor.java:635)
	at java.base/java.lang.Thread.run(Thread.java:833)

@scenario_outline_1 @testrunner
Scenario Outline: arama_testi                  # src/test/resources/features/day03_scenario_outline_1.feature:15
  Given kullanici google gider                 # stepdefinitions.GoogleStepDefinitions.kullanici_google_gider()
  When kullanici "iphone" için arama yapar     # stepdefinitions.GoogleStepDefinitions.kullanici_için_arama_yapar(java.lang.String)
  Then sonuclarin "iphone" icerdigini dogrular
  Then close the application                   # stepdefinitions.GoogleStepDefinitions.close_the_application()
]]></system-out>
    <system-err><![CDATA[SLF4J: No SLF4J providers were found.
SLF4J: Defaulting to no-operation (NOP) logger implementation
SLF4J: See https://www.slf4j.org/codes.html#noProviders for further details.
Starting ChromeDriver 110.0.5481.77 (65ed616c6e8ee3fe0ad64fe83796c020644d42af-refs/branch-heads/5481@{#839}) on port 24280
Only local connections are allowed.
Please see https://chromedriver.chromium.org/security-considerations for suggestions on keeping ChromeDriver safe.
ChromeDriver was started successfully.
[1677964013.214][WARNING]: virtual void DevToolsClientImpl::AddListener(DevToolsEventListener *) subscribing a listener to the already connected DevToolsClient. Connection notification will not arrive.
]]></system-err>
  </testcase>
  <testcase name="arama_testi #2" classname="arama_feature_2" time="8.788">
    <error message="The step &apos;sonuclarin &quot;tesla&quot; icerdigini dogrular&apos; is undefined.&#10;You can implement this step using the snippet(s) below:&#10;&#10;@Then(&quot;sonuclarin {string} icerdigini dogrular&quot;)&#10;public void sonuclarin_icerdigini_dogrular(String string) {&#10;    // Write code here that turns the phrase above into concrete actions&#10;    throw new io.cucumber.java.PendingException();&#10;}&#10;" type="io.cucumber.junit.UndefinedStepException">io.cucumber.junit.UndefinedStepException: 
The step 'sonuclarin "tesla" icerdigini dogrular' is undefined.
You can implement this step using the snippet(s) below:

@Then("sonuclarin {string} icerdigini dogrular")
public void sonuclarin_icerdigini_dogrular(String string) {
    // Write code here that turns the phrase above into concrete actions
    throw new io.cucumber.java.PendingException();
}

</error>
    <system-out><![CDATA[
@scenario_outline_1 @testrunner
Scenario Outline: arama_testi                 # src/test/resources/features/day03_scenario_outline_1.feature:16
  Given kullanici google gider                # stepdefinitions.GoogleStepDefinitions.kullanici_google_gider()
  When kullanici "tesla" için arama yapar     # stepdefinitions.GoogleStepDefinitions.kullanici_için_arama_yapar(java.lang.String)
  Then sonuclarin "tesla" icerdigini dogrular
  Then close the application                  # stepdefinitions.GoogleStepDefinitions.close_the_application()
]]></system-out>
  </testcase>
  <testcase name="arama_testi #3" classname="arama_feature_2" time="3.966">
    <error message="The step &apos;sonuclarin &quot;tv&quot; icerdigini dogrular&apos; is undefined.&#10;You can implement this step using the snippet(s) below:&#10;&#10;@Then(&quot;sonuclarin {string} icerdigini dogrular&quot;)&#10;public void sonuclarin_icerdigini_dogrular(String string) {&#10;    // Write code here that turns the phrase above into concrete actions&#10;    throw new io.cucumber.java.PendingException();&#10;}&#10;" type="io.cucumber.junit.UndefinedStepException">io.cucumber.junit.UndefinedStepException: 
The step 'sonuclarin "tv" icerdigini dogrular' is undefined.
You can implement this step using the snippet(s) below:

@Then("sonuclarin {string} icerdigini dogrular")
public void sonuclarin_icerdigini_dogrular(String string) {
    // Write code here that turns the phrase above into concrete actions
    throw new io.cucumber.java.PendingException();
}

</error>
    <system-out><![CDATA[
@scenario_outline_1 @testrunner
Scenario Outline: arama_testi              # src/test/resources/features/day03_scenario_outline_1.feature:17
  Given kullanici google gider             # stepdefinitions.GoogleStepDefinitions.kullanici_google_gider()
  When kullanici "tv" için arama yapar     # stepdefinitions.GoogleStepDefinitions.kullanici_için_arama_yapar(java.lang.String)
  Then sonuclarin "tv" icerdigini dogrular
  Then close the application               # stepdefinitions.GoogleStepDefinitions.close_the_application()
]]></system-out>
  </testcase>
  <testcase name="arama_testi #4" classname="arama_feature_2" time="6.799">
    <error message="The step &apos;sonuclarin &quot;flower&quot; icerdigini dogrular&apos; is undefined.&#10;You can implement this step using the snippet(s) below:&#10;&#10;@Then(&quot;sonuclarin {string} icerdigini dogrular&quot;)&#10;public void sonuclarin_icerdigini_dogrular(String string) {&#10;    // Write code here that turns the phrase above into concrete actions&#10;    throw new io.cucumber.java.PendingException();&#10;}&#10;" type="io.cucumber.junit.UndefinedStepException">io.cucumber.junit.UndefinedStepException: 
The step 'sonuclarin "flower" icerdigini dogrular' is undefined.
You can implement this step using the snippet(s) below:

@Then("sonuclarin {string} icerdigini dogrular")
public void sonuclarin_icerdigini_dogrular(String string) {
    // Write code here that turns the phrase above into concrete actions
    throw new io.cucumber.java.PendingException();
}

</error>
    <system-out><![CDATA[
@scenario_outline_1 @testrunner
Scenario Outline: arama_testi                  # src/test/resources/features/day03_scenario_outline_1.feature:18
  Given kullanici google gider                 # stepdefinitions.GoogleStepDefinitions.kullanici_google_gider()
  When kullanici "flower" için arama yapar     # stepdefinitions.GoogleStepDefinitions.kullanici_için_arama_yapar(java.lang.String)
  Then sonuclarin "flower" icerdigini dogrular
  Then close the application                   # stepdefinitions.GoogleStepDefinitions.close_the_application()
]]></system-out>
  </testcase>
  <testcase name="arama_testi #5" classname="arama_feature_2" time="3.878">
    <error message="The step &apos;sonuclarin &quot;cat&quot; icerdigini dogrular&apos; is undefined.&#10;You can implement this step using the snippet(s) below:&#10;&#10;@Then(&quot;sonuclarin {string} icerdigini dogrular&quot;)&#10;public void sonuclarin_icerdigini_dogrular(String string) {&#10;    // Write code here that turns the phrase above into concrete actions&#10;    throw new io.cucumber.java.PendingException();&#10;}&#10;" type="io.cucumber.junit.UndefinedStepException">io.cucumber.junit.UndefinedStepException: 
The step 'sonuclarin "cat" icerdigini dogrular' is undefined.
You can implement this step using the snippet(s) below:

@Then("sonuclarin {string} icerdigini dogrular")
public void sonuclarin_icerdigini_dogrular(String string) {
    // Write code here that turns the phrase above into concrete actions
    throw new io.cucumber.java.PendingException();
}

</error>
    <system-out><![CDATA[
@scenario_outline_1 @testrunner
Scenario Outline: arama_testi               # src/test/resources/features/day03_scenario_outline_1.feature:19
  Given kullanici google gider              # stepdefinitions.GoogleStepDefinitions.kullanici_google_gider()
  When kullanici "cat" için arama yapar     # stepdefinitions.GoogleStepDefinitions.kullanici_için_arama_yapar(java.lang.String)
  Then sonuclarin "cat" icerdigini dogrular
  Then close the application                # stepdefinitions.GoogleStepDefinitions.close_the_application()
]]></system-out>
  </testcase>
  <testcase name="arama_testi #6" classname="arama_feature_2" time="17.287">
    <error message="The step &apos;sonuclarin &quot;dog&quot; icerdigini dogrular&apos; is undefined.&#10;You can implement this step using the snippet(s) below:&#10;&#10;@Then(&quot;sonuclarin {string} icerdigini dogrular&quot;)&#10;public void sonuclarin_icerdigini_dogrular(String string) {&#10;    // Write code here that turns the phrase above into concrete actions&#10;    throw new io.cucumber.java.PendingException();&#10;}&#10;" type="io.cucumber.junit.UndefinedStepException">io.cucumber.junit.UndefinedStepException: 
The step 'sonuclarin "dog" icerdigini dogrular' is undefined.
You can implement this step using the snippet(s) below:

@Then("sonuclarin {string} icerdigini dogrular")
public void sonuclarin_icerdigini_dogrular(String string) {
    // Write code here that turns the phrase above into concrete actions
    throw new io.cucumber.java.PendingException();
}

</error>
    <system-out><![CDATA[
@scenario_outline_1 @testrunner
Scenario Outline: arama_testi               # src/test/resources/features/day03_scenario_outline_1.feature:20
  Given kullanici google gider              # stepdefinitions.GoogleStepDefinitions.kullanici_google_gider()
  When kullanici "dog" için arama yapar     # stepdefinitions.GoogleStepDefinitions.kullanici_için_arama_yapar(java.lang.String)
  Then sonuclarin "dog" icerdigini dogrular
  Then close the application                # stepdefinitions.GoogleStepDefinitions.close_the_application()
]]></system-out>
  </testcase>
</testsuite>